<?xml version="1.0" encoding="UTF-8"?>
<testng-results ignored="1" total="1" passed="0" failed="0" skipped="0">
  <reporter-output>
  </reporter-output>
  <suite started-at="2026-03-01T09:15:35 GMT" name="Default suite" finished-at="2026-03-01T09:15:35 GMT" duration-ms="9">
    <groups>
    </groups>
    <test started-at="2026-03-01T09:15:35 GMT" name="Default test" finished-at="2026-03-01T09:15:35 GMT" duration-ms="9">
      <class name="driverFactory.AppTest">
        <test-method is-config="true" signature="setUpReport()[pri:0, instance:driverFactory.AppTest@6ad82709]" started-at="2026-03-01T09:15:35 GMT" name="setUpReport" finished-at="2026-03-01T09:15:35 GMT" duration-ms="220" status="PASS">
          <reporter-output>
          </reporter-output>
        </test-method> <!-- setUpReport -->
        <test-method is-config="true" signature="flushReport()[pri:0, instance:driverFactory.AppTest@6ad82709]" started-at="2026-03-01T09:15:35 GMT" name="flushReport" finished-at="2026-03-01T09:15:35 GMT" duration-ms="196" status="PASS">
          <reporter-output>
          </reporter-output>
        </test-method> <!-- flushReport -->
      </class> <!-- driverFactory.AppTest -->
    </test> <!-- Default test -->
  </suite> <!-- Default suite -->
</testng-results>
